[0.017s] Invoking command in '/home/she/ohhhhh/video_our/src/cpp/build/cpp': /usr/bin/cmake /home/she/ohhhhh/video_our/src/cpp -DCMAKE_INSTALL_PREFIX=/home/she/ohhhhh/video_our/src/cpp/install/cpp
[0.099s] -- The C compiler identification is GNU 9.3.0
[0.163s] -- The CXX compiler identification is GNU 9.3.0
[0.168s] -- Check for working C compiler: /usr/bin/cc
[0.263s] -- Check for working C compiler: /usr/bin/cc -- works
[0.265s] -- Detecting C compiler ABI info
[0.357s] -- Detecting C compiler ABI info - done
[0.377s] -- Detecting C compile features
[0.377s] -- Detecting C compile features - done
[0.380s] -- Check for working CXX compiler: /usr/bin/c++
[0.481s] -- Check for working CXX compiler: /usr/bin/c++ -- works
[0.484s] -- Detecting CXX compiler ABI info
[0.591s] -- Detecting CXX compiler ABI info - done
[0.608s] -- Detecting CXX compile features
[0.608s] -- Detecting CXX compile features - done
[0.623s] -- Found OpenCV: /usr/local (found version "4.5.2") 
[0.624s] -- Found ament_cmake: 0.9.8 (/home/she/ros2_foxy/ros2-linux/share/ament_cmake/cmake)
[0.654s] -- Found PythonInterp: /usr/bin/python3 (found suitable version "3.8.5", minimum required is "3") 
[0.654s] -- Using PYTHON_EXECUTABLE: /usr/bin/python3
[0.859s] -- Found ament_cmake_ros: 0.9.0 (/home/she/ros2_foxy/ros2-linux/share/ament_cmake_ros/cmake)
[0.938s] -- Configuring done
[0.949s] -- Generating done
[0.950s] -- Build files have been written to: /home/she/ohhhhh/video_our/src/cpp/build/cpp
[0.955s] Invoked command in '/home/she/ohhhhh/video_our/src/cpp/build/cpp' returned '0': /usr/bin/cmake /home/she/ohhhhh/video_our/src/cpp -DCMAKE_INSTALL_PREFIX=/home/she/ohhhhh/video_our/src/cpp/install/cpp
[0.959s] Invoking command in '/home/she/ohhhhh/video_our/src/cpp/build/cpp': /usr/bin/cmake --build /home/she/ohhhhh/video_our/src/cpp/build/cpp -- -j8 -l8
[1.012s] [35m[1mScanning dependencies of target cpp[0m
[1.038s] [ 12%] [32mBuilding CXX object CMakeFiles/cpp.dir/src/video_transmitter.cpp.o[0m
[1.042s] [ 37%] [32mBuilding CXX object CMakeFiles/cpp.dir/src/base_exception.cpp.o[0m
[1.042s] [ 37%] [32mBuilding CXX object CMakeFiles/cpp.dir/src/video_receiver.cpp.o[0m
[2.998s] [ 50%] [32m[1mLinking CXX static library libcpp.a[0m
[3.054s] [ 50%] Built target cpp
[3.070s] [35m[1mScanning dependencies of target video_receiver[0m
[3.070s] [35m[1mScanning dependencies of target video_transmitter[0m
[3.098s] [ 75%] [32mBuilding CXX object CMakeFiles/video_receiver.dir/src/video_receiver.cpp.o[0m
[3.098s] [ 75%] [32mBuilding CXX object CMakeFiles/video_transmitter.dir/src/video_transmitter.cpp.o[0m
[5.043s] [ 87%] [32m[1mLinking CXX executable video_transmitter[0m
[5.088s] [100%] [32m[1mLinking CXX executable video_receiver[0m
[5.664s] [100%] Built target video_transmitter
[5.689s] [100%] Built target video_receiver
[5.705s] Invoked command in '/home/she/ohhhhh/video_our/src/cpp/build/cpp' returned '0': /usr/bin/cmake --build /home/she/ohhhhh/video_our/src/cpp/build/cpp -- -j8 -l8
[5.761s] Invoking command in '/home/she/ohhhhh/video_our/src/cpp/build/cpp': /usr/bin/cmake --install /home/she/ohhhhh/video_our/src/cpp/build/cpp
[5.777s] -- Install configuration: ""
[5.778s] -- Installing: /home/she/ohhhhh/video_our/src/cpp/install/cpp/include
[5.778s] -- Installing: /home/she/ohhhhh/video_our/src/cpp/install/cpp/include/cpp
[5.778s] -- Installing: /home/she/ohhhhh/video_our/src/cpp/install/cpp/include/cpp/video_receiver.h
[5.778s] -- Installing: /home/she/ohhhhh/video_our/src/cpp/install/cpp/include/cpp/video_transmitter.h
[5.778s] -- Installing: /home/she/ohhhhh/video_our/src/cpp/install/cpp/include/cpp/base_exception.h
[5.779s] -- Installing: /home/she/ohhhhh/video_our/src/cpp/install/cpp/include/cpp/video_settings.h
[5.779s] -- Installing: /home/she/ohhhhh/video_our/src/cpp/install/cpp/lib/libcpp.a
[5.779s] -- Installing: /home/she/ohhhhh/video_our/src/cpp/install/cpp/lib/cpp/video_transmitter
[5.779s] -- Set runtime path of "/home/she/ohhhhh/video_our/src/cpp/install/cpp/lib/cpp/video_transmitter" to ""
[5.779s] -- Installing: /home/she/ohhhhh/video_our/src/cpp/install/cpp/lib/cpp/video_receiver
[5.780s] -- Set runtime path of "/home/she/ohhhhh/video_our/src/cpp/install/cpp/lib/cpp/video_receiver" to ""
[5.780s] -- Installing: /home/she/ohhhhh/video_our/src/cpp/install/cpp/share/cpp/environment/library_path.sh
[5.780s] -- Installing: /home/she/ohhhhh/video_our/src/cpp/install/cpp/share/cpp/environment/library_path.dsv
[5.780s] -- Installing: /home/she/ohhhhh/video_our/src/cpp/install/cpp/share/ament_index/resource_index/package_run_dependencies/cpp
[5.780s] -- Installing: /home/she/ohhhhh/video_our/src/cpp/install/cpp/share/ament_index/resource_index/parent_prefix_path/cpp
[5.781s] -- Installing: /home/she/ohhhhh/video_our/src/cpp/install/cpp/share/cpp/environment/ament_prefix_path.sh
[5.781s] -- Installing: /home/she/ohhhhh/video_our/src/cpp/install/cpp/share/cpp/environment/ament_prefix_path.dsv
[5.781s] -- Installing: /home/she/ohhhhh/video_our/src/cpp/install/cpp/share/cpp/environment/path.sh
[5.781s] -- Installing: /home/she/ohhhhh/video_our/src/cpp/install/cpp/share/cpp/environment/path.dsv
[5.781s] -- Installing: /home/she/ohhhhh/video_our/src/cpp/install/cpp/share/cpp/local_setup.bash
[5.782s] -- Installing: /home/she/ohhhhh/video_our/src/cpp/install/cpp/share/cpp/local_setup.sh
[5.782s] -- Installing: /home/she/ohhhhh/video_our/src/cpp/install/cpp/share/cpp/local_setup.zsh
[5.782s] -- Installing: /home/she/ohhhhh/video_our/src/cpp/install/cpp/share/cpp/local_setup.dsv
[5.782s] -- Installing: /home/she/ohhhhh/video_our/src/cpp/install/cpp/share/cpp/package.dsv
[5.782s] -- Installing: /home/she/ohhhhh/video_our/src/cpp/install/cpp/share/ament_index/resource_index/packages/cpp
[5.783s] -- Installing: /home/she/ohhhhh/video_our/src/cpp/install/cpp/share/cpp/cmake/export_cppExport.cmake
[5.783s] -- Installing: /home/she/ohhhhh/video_our/src/cpp/install/cpp/share/cpp/cmake/export_cppExport-noconfig.cmake
[5.783s] -- Installing: /home/she/ohhhhh/video_our/src/cpp/install/cpp/share/cpp/cmake/ament_cmake_export_include_directories-extras.cmake
[5.783s] -- Installing: /home/she/ohhhhh/video_our/src/cpp/install/cpp/share/cpp/cmake/ament_cmake_export_targets-extras.cmake
[5.784s] -- Installing: /home/she/ohhhhh/video_our/src/cpp/install/cpp/share/cpp/cmake/ament_cmake_export_libraries-extras.cmake
[5.784s] -- Installing: /home/she/ohhhhh/video_our/src/cpp/install/cpp/share/cpp/cmake/cppConfig.cmake
[5.784s] -- Installing: /home/she/ohhhhh/video_our/src/cpp/install/cpp/share/cpp/cmake/cppConfig-version.cmake
[5.785s] -- Installing: /home/she/ohhhhh/video_our/src/cpp/install/cpp/share/cpp/package.xml
[5.787s] Invoked command in '/home/she/ohhhhh/video_our/src/cpp/build/cpp' returned '0': /usr/bin/cmake --install /home/she/ohhhhh/video_our/src/cpp/build/cpp
