[ 50%] Built target cpp
[ 75%] Built target video_receiver
[100%] Built target video_transmitter
-- Install configuration: ""
-- Up-to-date: /home/she/ohhhhh/video_our/src/cpp/install/cpp/include
-- Up-to-date: /home/she/ohhhhh/video_our/src/cpp/install/cpp/include/cpp
-- Up-to-date: /home/she/ohhhhh/video_our/src/cpp/install/cpp/include/cpp/video_receiver.h
-- Up-to-date: /home/she/ohhhhh/video_our/src/cpp/install/cpp/include/cpp/video_transmitter.h
-- Up-to-date: /home/she/ohhhhh/video_our/src/cpp/install/cpp/include/cpp/base_exception.h
-- Up-to-date: /home/she/ohhhhh/video_our/src/cpp/install/cpp/include/cpp/video_settings.h
-- Up-to-date: /home/she/ohhhhh/video_our/src/cpp/install/cpp/lib/libcpp.a
-- Up-to-date: /home/she/ohhhhh/video_our/src/cpp/install/cpp/lib/cpp/video_transmitter
-- Up-to-date: /home/she/ohhhhh/video_our/src/cpp/install/cpp/lib/cpp/video_receiver
-- Up-to-date: /home/she/ohhhhh/video_our/src/cpp/install/cpp/share/cpp/environment/library_path.sh
-- Up-to-date: /home/she/ohhhhh/video_our/src/cpp/install/cpp/share/cpp/environment/library_path.dsv
-- Up-to-date: /home/she/ohhhhh/video_our/src/cpp/install/cpp/share/ament_index/resource_index/package_run_dependencies/cpp
-- Up-to-date: /home/she/ohhhhh/video_our/src/cpp/install/cpp/share/ament_index/resource_index/parent_prefix_path/cpp
-- Up-to-date: /home/she/ohhhhh/video_our/src/cpp/install/cpp/share/cpp/environment/ament_prefix_path.sh
-- Up-to-date: /home/she/ohhhhh/video_our/src/cpp/install/cpp/share/cpp/environment/ament_prefix_path.dsv
-- Up-to-date: /home/she/ohhhhh/video_our/src/cpp/install/cpp/share/cpp/environment/path.sh
-- Up-to-date: /home/she/ohhhhh/video_our/src/cpp/install/cpp/share/cpp/environment/path.dsv
-- Up-to-date: /home/she/ohhhhh/video_our/src/cpp/install/cpp/share/cpp/local_setup.bash
-- Up-to-date: /home/she/ohhhhh/video_our/src/cpp/install/cpp/share/cpp/local_setup.sh
-- Up-to-date: /home/she/ohhhhh/video_our/src/cpp/install/cpp/share/cpp/local_setup.zsh
-- Up-to-date: /home/she/ohhhhh/video_our/src/cpp/install/cpp/share/cpp/local_setup.dsv
-- Up-to-date: /home/she/ohhhhh/video_our/src/cpp/install/cpp/share/cpp/package.dsv
-- Up-to-date: /home/she/ohhhhh/video_our/src/cpp/install/cpp/share/ament_index/resource_index/packages/cpp
-- Up-to-date: /home/she/ohhhhh/video_our/src/cpp/install/cpp/share/cpp/cmake/export_cppExport.cmake
-- Up-to-date: /home/she/ohhhhh/video_our/src/cpp/install/cpp/share/cpp/cmake/export_cppExport-noconfig.cmake
-- Up-to-date: /home/she/ohhhhh/video_our/src/cpp/install/cpp/share/cpp/cmake/ament_cmake_export_include_directories-extras.cmake
-- Up-to-date: /home/she/ohhhhh/video_our/src/cpp/install/cpp/share/cpp/cmake/ament_cmake_export_targets-extras.cmake
-- Up-to-date: /home/she/ohhhhh/video_our/src/cpp/install/cpp/share/cpp/cmake/ament_cmake_export_libraries-extras.cmake
-- Up-to-date: /home/she/ohhhhh/video_our/src/cpp/install/cpp/share/cpp/cmake/cppConfig.cmake
-- Up-to-date: /home/she/ohhhhh/video_our/src/cpp/install/cpp/share/cpp/cmake/cppConfig-version.cmake
-- Up-to-date: /home/she/ohhhhh/video_our/src/cpp/install/cpp/share/cpp/package.xml
