[0.285s] DEBUG:colcon:Command line arguments: ['/usr/bin/colcon', 'build']
[0.285s] DEBUG:colcon:Parsed command line arguments: Namespace(ament_cmake_args=None, base_paths=['.'], build_base='build', catkin_cmake_args=None, catkin_skip_building_tests=False, cmake_args=None, cmake_clean_cache=False, cmake_clean_first=False, cmake_force_configure=False, cmake_target=None, cmake_target_skip_unavailable=False, continue_on_error=False, event_handlers=None, executor='parallel', ignore_user_meta=False, install_base='install', log_base=None, log_level=None, main=<bound method BuildVerb.main of <colcon_core.verb.build.BuildVerb object at 0x7f9e1f6cfe50>>, merge_install=False, metas=['./colcon.meta'], packages_above=None, packages_above_and_dependencies=None, packages_above_depth=None, packages_end=None, packages_ignore=None, packages_ignore_regex=None, packages_select=None, packages_select_build_failed=False, packages_select_by_dep=None, packages_select_regex=None, packages_select_test_failures=False, packages_skip=None, packages_skip_build_finished=False, packages_skip_by_dep=None, packages_skip_regex=None, packages_skip_test_passed=False, packages_skip_up_to=None, packages_start=None, packages_up_to=None, packages_up_to_regex=None, parallel_workers=8, paths=None, symlink_install=False, test_result_base=None, verb_extension=<colcon_core.verb.build.BuildVerb object at 0x7f9e1f6cfe50>, verb_name='build', verb_parser=<colcon_defaults.argument_parser.defaults.DefaultArgumentsDecorator object at 0x7f9e1f6dc400>)
[0.291s] Level 1:colcon.colcon_core.package_discovery:discover_packages(colcon_meta) check parameters
[0.291s] Level 1:colcon.colcon_core.package_discovery:discover_packages(recursive) check parameters
[0.291s] Level 1:colcon.colcon_core.package_discovery:discover_packages(ignore) check parameters
[0.291s] Level 1:colcon.colcon_core.package_discovery:discover_packages(path) check parameters
[0.291s] Level 1:colcon.colcon_core.package_discovery:discover_packages(colcon_meta) discover
[0.291s] Level 1:colcon.colcon_core.package_discovery:discover_packages(recursive) discover
[0.291s] INFO:colcon.colcon_core.package_discovery:Crawling recursively for packages in '/home/she/ohhhhh/video_our/src/cpp'
[0.291s] Level 1:colcon.colcon_core.package_identification:_identify(.) by extensions ['ignore', 'ignore_ament_install']
[0.291s] Level 1:colcon.colcon_core.package_identification:_identify(.) by extension 'ignore'
[0.291s] Level 1:colcon.colcon_core.package_identification:_identify(.) by extension 'ignore_ament_install'
[0.291s] Level 1:colcon.colcon_core.package_identification:_identify(.) by extensions ['colcon_pkg']
[0.291s] Level 1:colcon.colcon_core.package_identification:_identify(.) by extension 'colcon_pkg'
[0.291s] Level 1:colcon.colcon_core.package_identification:_identify(.) by extensions ['colcon_meta']
[0.291s] Level 1:colcon.colcon_core.package_identification:_identify(.) by extension 'colcon_meta'
[0.291s] Level 1:colcon.colcon_core.package_identification:_identify(.) by extensions ['ros']
[0.291s] Level 1:colcon.colcon_core.package_identification:_identify(.) by extension 'ros'
[0.305s] DEBUG:colcon.colcon_core.package_identification:Package '.' with type 'ros.ament_cmake' and name 'cpp'
[0.305s] Level 1:colcon.colcon_core.package_discovery:discover_packages(recursive) using defaults
[0.305s] Level 1:colcon.colcon_core.package_discovery:discover_packages(ignore) discover
[0.305s] Level 1:colcon.colcon_core.package_discovery:discover_packages(ignore) using defaults
[0.305s] Level 1:colcon.colcon_core.package_discovery:discover_packages(path) discover
[0.305s] Level 1:colcon.colcon_core.package_discovery:discover_packages(path) using defaults
[0.324s] Level 5:colcon.colcon_core.verb:set package 'cpp' build argument 'cmake_args' from command line to 'None'
[0.324s] Level 5:colcon.colcon_core.verb:set package 'cpp' build argument 'cmake_target' from command line to 'None'
[0.324s] Level 5:colcon.colcon_core.verb:set package 'cpp' build argument 'cmake_target_skip_unavailable' from command line to 'False'
[0.324s] Level 5:colcon.colcon_core.verb:set package 'cpp' build argument 'cmake_clean_cache' from command line to 'False'
[0.324s] Level 5:colcon.colcon_core.verb:set package 'cpp' build argument 'cmake_clean_first' from command line to 'False'
[0.324s] Level 5:colcon.colcon_core.verb:set package 'cpp' build argument 'cmake_force_configure' from command line to 'False'
[0.324s] Level 5:colcon.colcon_core.verb:set package 'cpp' build argument 'ament_cmake_args' from command line to 'None'
[0.324s] Level 5:colcon.colcon_core.verb:set package 'cpp' build argument 'catkin_cmake_args' from command line to 'None'
[0.324s] Level 5:colcon.colcon_core.verb:set package 'cpp' build argument 'catkin_skip_building_tests' from command line to 'False'
[0.324s] DEBUG:colcon.colcon_core.verb:Building package 'cpp' with the following arguments: {'ament_cmake_args': None, 'build_base': '/home/she/ohhhhh/video_our/src/cpp/build/cpp', 'catkin_cmake_args': None, 'catkin_skip_building_tests': False, 'cmake_args': None, 'cmake_clean_cache': False, 'cmake_clean_first': False, 'cmake_force_configure': False, 'cmake_target': None, 'cmake_target_skip_unavailable': False, 'install_base': '/home/she/ohhhhh/video_our/src/cpp/install/cpp', 'merge_install': False, 'path': '/home/she/ohhhhh/video_our/src/cpp', 'symlink_install': False, 'test_result_base': None}
[0.324s] INFO:colcon.colcon_core.executor:Executing jobs using 'parallel' executor
[0.326s] DEBUG:colcon.colcon_parallel_executor.executor.parallel:run_until_complete
[0.326s] INFO:colcon.colcon_ros.task.ament_cmake.build:Building ROS package in '/home/she/ohhhhh/video_our/src/cpp' with build type 'ament_cmake'
[0.327s] INFO:colcon.colcon_cmake.task.cmake.build:Building CMake package in '/home/she/ohhhhh/video_our/src/cpp'
[0.330s] INFO:colcon.colcon_core.plugin_system:Skipping extension 'colcon_core.shell.bat': Not used on non-Windows systems
[0.330s] INFO:colcon.colcon_core.shell:Skip shell extension 'powershell' for command environment: Not usable outside of PowerShell
[0.331s] DEBUG:colcon.colcon_core.shell:Skip shell extension 'dsv' for command environment
[0.345s] DEBUG:colcon.colcon_core.event_handler.log_command:Invoking command in '/home/she/ohhhhh/video_our/src/cpp/build/cpp': /usr/bin/cmake /home/she/ohhhhh/video_our/src/cpp -DCMAKE_INSTALL_PREFIX=/home/she/ohhhhh/video_our/src/cpp/install/cpp
[1.282s] DEBUG:colcon.colcon_core.event_handler.log_command:Invoked command in '/home/she/ohhhhh/video_our/src/cpp/build/cpp' returned '0': /usr/bin/cmake /home/she/ohhhhh/video_our/src/cpp -DCMAKE_INSTALL_PREFIX=/home/she/ohhhhh/video_our/src/cpp/install/cpp
[1.287s] DEBUG:colcon.colcon_core.event_handler.log_command:Invoking command in '/home/she/ohhhhh/video_our/src/cpp/build/cpp': /usr/bin/cmake --build /home/she/ohhhhh/video_our/src/cpp/build/cpp -- -j8 -l8
[6.033s] DEBUG:colcon.colcon_core.event_handler.log_command:Invoked command in '/home/she/ohhhhh/video_our/src/cpp/build/cpp' returned '0': /usr/bin/cmake --build /home/she/ohhhhh/video_our/src/cpp/build/cpp -- -j8 -l8
[6.089s] DEBUG:colcon.colcon_core.event_handler.log_command:Invoking command in '/home/she/ohhhhh/video_our/src/cpp/build/cpp': /usr/bin/cmake --install /home/she/ohhhhh/video_our/src/cpp/build/cpp
[6.112s] Level 1:colcon.colcon_core.environment:create_environment_scripts_only(cpp)
[6.114s] DEBUG:colcon.colcon_core.event_handler.log_command:Invoked command in '/home/she/ohhhhh/video_our/src/cpp/build/cpp' returned '0': /usr/bin/cmake --install /home/she/ohhhhh/video_our/src/cpp/build/cpp
[6.120s] Level 1:colcon.colcon_core.environment:checking '/home/she/ohhhhh/video_our/src/cpp/install/cpp' for CMake module files
[6.121s] Level 1:colcon.colcon_core.environment:checking '/home/she/ohhhhh/video_our/src/cpp/install/cpp' for CMake config files
[6.122s] Level 1:colcon.colcon_core.shell:create_environment_hook('cpp', 'cmake_prefix_path')
[6.123s] INFO:colcon.colcon_core.shell:Creating environment hook '/home/she/ohhhhh/video_our/src/cpp/install/cpp/share/cpp/hook/cmake_prefix_path.ps1'
[6.125s] INFO:colcon.colcon_core.shell:Creating environment descriptor '/home/she/ohhhhh/video_our/src/cpp/install/cpp/share/cpp/hook/cmake_prefix_path.dsv'
[6.126s] INFO:colcon.colcon_core.shell:Creating environment hook '/home/she/ohhhhh/video_our/src/cpp/install/cpp/share/cpp/hook/cmake_prefix_path.sh'
[6.127s] Level 1:colcon.colcon_core.environment:checking '/home/she/ohhhhh/video_our/src/cpp/install/cpp/lib'
[6.128s] Level 1:colcon.colcon_core.environment:checking '/home/she/ohhhhh/video_our/src/cpp/install/cpp/bin'
[6.128s] Level 1:colcon.colcon_core.environment:checking '/home/she/ohhhhh/video_our/src/cpp/install/cpp/lib/pkgconfig/cpp.pc'
[6.128s] Level 1:colcon.colcon_core.environment:checking '/home/she/ohhhhh/video_our/src/cpp/install/cpp/lib/python3.8/site-packages'
[6.128s] INFO:colcon.colcon_core.shell:Creating package script '/home/she/ohhhhh/video_our/src/cpp/install/cpp/share/cpp/package.ps1'
[6.129s] INFO:colcon.colcon_core.shell:Creating package descriptor '/home/she/ohhhhh/video_our/src/cpp/install/cpp/share/cpp/package.dsv'
[6.131s] INFO:colcon.colcon_core.shell:Creating package script '/home/she/ohhhhh/video_our/src/cpp/install/cpp/share/cpp/package.sh'
[6.132s] INFO:colcon.colcon_core.shell:Creating package script '/home/she/ohhhhh/video_our/src/cpp/install/cpp/share/cpp/package.bash'
[6.132s] INFO:colcon.colcon_core.shell:Creating package script '/home/she/ohhhhh/video_our/src/cpp/install/cpp/share/cpp/package.zsh'
[6.133s] Level 1:colcon.colcon_core.environment:create_file_with_runtime_dependencies(/home/she/ohhhhh/video_our/src/cpp/install/cpp/share/colcon-core/packages/cpp)
[6.171s] Level 1:colcon.colcon_core.environment:create_environment_scripts_only(cpp)
[6.173s] Level 1:colcon.colcon_core.environment:checking '/home/she/ohhhhh/video_our/src/cpp/install/cpp' for CMake module files
[6.175s] Level 1:colcon.colcon_core.environment:checking '/home/she/ohhhhh/video_our/src/cpp/install/cpp' for CMake config files
[6.176s] Level 1:colcon.colcon_core.shell:create_environment_hook('cpp', 'cmake_prefix_path')
[6.177s] INFO:colcon.colcon_core.shell:Creating environment hook '/home/she/ohhhhh/video_our/src/cpp/install/cpp/share/cpp/hook/cmake_prefix_path.ps1'
[6.178s] INFO:colcon.colcon_core.shell:Creating environment descriptor '/home/she/ohhhhh/video_our/src/cpp/install/cpp/share/cpp/hook/cmake_prefix_path.dsv'
[6.178s] INFO:colcon.colcon_core.shell:Creating environment hook '/home/she/ohhhhh/video_our/src/cpp/install/cpp/share/cpp/hook/cmake_prefix_path.sh'
[6.180s] Level 1:colcon.colcon_core.environment:checking '/home/she/ohhhhh/video_our/src/cpp/install/cpp/lib'
[6.180s] Level 1:colcon.colcon_core.environment:checking '/home/she/ohhhhh/video_our/src/cpp/install/cpp/bin'
[6.180s] Level 1:colcon.colcon_core.environment:checking '/home/she/ohhhhh/video_our/src/cpp/install/cpp/lib/pkgconfig/cpp.pc'
[6.180s] Level 1:colcon.colcon_core.environment:checking '/home/she/ohhhhh/video_our/src/cpp/install/cpp/lib/python3.8/site-packages'
[6.181s] INFO:colcon.colcon_core.shell:Creating package script '/home/she/ohhhhh/video_our/src/cpp/install/cpp/share/cpp/package.ps1'
[6.182s] INFO:colcon.colcon_core.shell:Creating package descriptor '/home/she/ohhhhh/video_our/src/cpp/install/cpp/share/cpp/package.dsv'
[6.183s] INFO:colcon.colcon_core.shell:Creating package script '/home/she/ohhhhh/video_our/src/cpp/install/cpp/share/cpp/package.sh'
[6.184s] INFO:colcon.colcon_core.shell:Creating package script '/home/she/ohhhhh/video_our/src/cpp/install/cpp/share/cpp/package.bash'
[6.184s] INFO:colcon.colcon_core.shell:Creating package script '/home/she/ohhhhh/video_our/src/cpp/install/cpp/share/cpp/package.zsh'
[6.185s] Level 1:colcon.colcon_core.environment:create_file_with_runtime_dependencies(/home/she/ohhhhh/video_our/src/cpp/install/cpp/share/colcon-core/packages/cpp)
[6.186s] DEBUG:colcon.colcon_parallel_executor.executor.parallel:closing loop
[6.186s] DEBUG:colcon.colcon_parallel_executor.executor.parallel:loop closed
[6.186s] DEBUG:colcon.colcon_parallel_executor.executor.parallel:run_until_complete finished with '0'
[6.186s] DEBUG:colcon.colcon_core.event_reactor:joining thread
[6.198s] INFO:colcon.colcon_core.plugin_system:Skipping extension 'colcon_notification.desktop_notification.terminal_notifier': Not used on non-Darwin systems
[6.198s] INFO:colcon.colcon_core.plugin_system:Skipping extension 'colcon_notification.desktop_notification.win32': Not used on non-Windows systems
[6.198s] INFO:colcon.colcon_notification.desktop_notification:Sending desktop notification using 'notify2'
[6.229s] DEBUG:colcon.colcon_core.event_reactor:joined thread
[6.230s] INFO:colcon.colcon_core.shell:Creating prefix script '/home/she/ohhhhh/video_our/src/cpp/install/local_setup.ps1'
[6.232s] INFO:colcon.colcon_core.shell:Creating prefix util module '/home/she/ohhhhh/video_our/src/cpp/install/_local_setup_util_ps1.py'
[6.233s] INFO:colcon.colcon_core.shell:Creating prefix chain script '/home/she/ohhhhh/video_our/src/cpp/install/setup.ps1'
[6.236s] INFO:colcon.colcon_core.shell:Creating prefix script '/home/she/ohhhhh/video_our/src/cpp/install/local_setup.sh'
[6.237s] INFO:colcon.colcon_core.shell:Creating prefix util module '/home/she/ohhhhh/video_our/src/cpp/install/_local_setup_util_sh.py'
[6.237s] INFO:colcon.colcon_core.shell:Creating prefix chain script '/home/she/ohhhhh/video_our/src/cpp/install/setup.sh'
[6.239s] INFO:colcon.colcon_core.shell:Creating prefix script '/home/she/ohhhhh/video_our/src/cpp/install/local_setup.bash'
[6.240s] INFO:colcon.colcon_core.shell:Creating prefix chain script '/home/she/ohhhhh/video_our/src/cpp/install/setup.bash'
[6.243s] INFO:colcon.colcon_core.shell:Creating prefix script '/home/she/ohhhhh/video_our/src/cpp/install/local_setup.zsh'
[6.244s] INFO:colcon.colcon_core.shell:Creating prefix chain script '/home/she/ohhhhh/video_our/src/cpp/install/setup.zsh'
